Performing C SOURCE FILE Test RDSEED_RUN_RESULT failed with the following compile output:
Change Dir: /home/ubuntu/eculidean-distances/eculidean-distance/CMakeFiles/CMakeTmp

Run Build Command(s):/usr/bin/gmake cmTC_0e25e/fast && /usr/bin/gmake -f CMakeFiles/cmTC_0e25e.dir/build.make CMakeFiles/cmTC_0e25e.dir/build
gmake[1]: Entering directory '/home/ubuntu/eculidean-distances/eculidean-distance/CMakeFiles/CMakeTmp'
Building C object CMakeFiles/cmTC_0e25e.dir/src.c.o
/usr/bin/cc   -pthread -Wall -funroll-loops -march=native -maes -mrdseed -DRDSEED_RUN_RESULT -mrdseed   -o CMakeFiles/cmTC_0e25e.dir/src.c.o   -c /home/ubuntu/eculidean-distances/eculidean-distance/CMakeFiles/CMakeTmp/src.c
Linking C executable cmTC_0e25e
/usr/bin/cmake -E cmake_link_script CMakeFiles/cmTC_0e25e.dir/link.txt --verbose=1
/usr/bin/cc  -pthread -Wall -funroll-loops -march=native -maes -mrdseed -DRDSEED_RUN_RESULT -mrdseed    CMakeFiles/cmTC_0e25e.dir/src.c.o  -o cmTC_0e25e 
gmake[1]: Leaving directory '/home/ubuntu/eculidean-distances/eculidean-distance/CMakeFiles/CMakeTmp'


...and run output:
Illegal instruction
Return value: FAILED_TO_RUN
Source file was:
#include <x86intrin.h>
int main(){
unsigned long long r;
_rdseed64_step(&r);
return 0;
}

Performing C SOURCE FILE Test RDSEED_RUN_RESULT failed with the following compile output:
Change Dir: /home/ubuntu/eculidean-distances/eculidean-distance/CMakeFiles/CMakeTmp

Run Build Command(s):/usr/bin/gmake cmTC_447aa/fast && /usr/bin/gmake -f CMakeFiles/cmTC_447aa.dir/build.make CMakeFiles/cmTC_447aa.dir/build
gmake[1]: Entering directory '/home/ubuntu/eculidean-distances/eculidean-distance/CMakeFiles/CMakeTmp'
Building C object CMakeFiles/cmTC_447aa.dir/src.c.o
/usr/bin/cc   -pthread -Wall -funroll-loops -march=native -maes -mrdseed -DRDSEED_RUN_RESULT -mrdseed   -o CMakeFiles/cmTC_447aa.dir/src.c.o   -c /home/ubuntu/eculidean-distances/eculidean-distance/CMakeFiles/CMakeTmp/src.c
Linking C executable cmTC_447aa
/usr/bin/cmake -E cmake_link_script CMakeFiles/cmTC_447aa.dir/link.txt --verbose=1
/usr/bin/cc  -pthread -Wall -funroll-loops -march=native -maes -mrdseed -DRDSEED_RUN_RESULT -mrdseed    CMakeFiles/cmTC_447aa.dir/src.c.o  -o cmTC_447aa 
gmake[1]: Leaving directory '/home/ubuntu/eculidean-distances/eculidean-distance/CMakeFiles/CMakeTmp'


...and run output:
Illegal instruction
Return value: FAILED_TO_RUN
Source file was:
#include <x86intrin.h>
int main(){
unsigned long long r;
_rdseed64_step(&r);
return 0;
}

Performing C SOURCE FILE Test RDSEED_RUN_RESULT failed with the following compile output:
Change Dir: /home/ubuntu/eculidean-distances/eculidean-distance/CMakeFiles/CMakeTmp

Run Build Command(s):/usr/bin/gmake cmTC_80d2f/fast && /usr/bin/gmake -f CMakeFiles/cmTC_80d2f.dir/build.make CMakeFiles/cmTC_80d2f.dir/build
gmake[1]: Entering directory '/home/ubuntu/eculidean-distances/eculidean-distance/CMakeFiles/CMakeTmp'
Building C object CMakeFiles/cmTC_80d2f.dir/src.c.o
/usr/bin/cc   -pthread -Wall -funroll-loops -march=native -maes -mrdseed -DRDSEED_RUN_RESULT -mrdseed   -o CMakeFiles/cmTC_80d2f.dir/src.c.o   -c /home/ubuntu/eculidean-distances/eculidean-distance/CMakeFiles/CMakeTmp/src.c
Linking C executable cmTC_80d2f
/usr/bin/cmake -E cmake_link_script CMakeFiles/cmTC_80d2f.dir/link.txt --verbose=1
/usr/bin/cc  -pthread -Wall -funroll-loops -march=native -maes -mrdseed -DRDSEED_RUN_RESULT -mrdseed    CMakeFiles/cmTC_80d2f.dir/src.c.o  -o cmTC_80d2f 
gmake[1]: Leaving directory '/home/ubuntu/eculidean-distances/eculidean-distance/CMakeFiles/CMakeTmp'


...and run output:
Illegal instruction
Return value: FAILED_TO_RUN
Source file was:
#include <x86intrin.h>
int main(){
unsigned long long r;
_rdseed64_step(&r);
return 0;
}

Performing C SOURCE FILE Test RDSEED_RUN_RESULT failed with the following compile output:
Change Dir: /home/ubuntu/eculidean-distances/eculidean-distance/CMakeFiles/CMakeTmp

Run Build Command(s):/usr/bin/gmake cmTC_2f36d/fast && /usr/bin/gmake -f CMakeFiles/cmTC_2f36d.dir/build.make CMakeFiles/cmTC_2f36d.dir/build
gmake[1]: Entering directory '/home/ubuntu/eculidean-distances/eculidean-distance/CMakeFiles/CMakeTmp'
Building C object CMakeFiles/cmTC_2f36d.dir/src.c.o
/usr/bin/cc   -pthread -Wall -funroll-loops -march=native -maes -mrdseed -DRDSEED_RUN_RESULT -mrdseed   -o CMakeFiles/cmTC_2f36d.dir/src.c.o   -c /home/ubuntu/eculidean-distances/eculidean-distance/CMakeFiles/CMakeTmp/src.c
Linking C executable cmTC_2f36d
/usr/bin/cmake -E cmake_link_script CMakeFiles/cmTC_2f36d.dir/link.txt --verbose=1
/usr/bin/cc  -pthread -Wall -funroll-loops -march=native -maes -mrdseed -DRDSEED_RUN_RESULT -mrdseed    CMakeFiles/cmTC_2f36d.dir/src.c.o  -o cmTC_2f36d 
gmake[1]: Leaving directory '/home/ubuntu/eculidean-distances/eculidean-distance/CMakeFiles/CMakeTmp'


...and run output:
Illegal instruction
Return value: FAILED_TO_RUN
Source file was:
#include <x86intrin.h>
int main(){
unsigned long long r;
_rdseed64_step(&r);
return 0;
}

Performing C SOURCE FILE Test RDSEED_RUN_RESULT failed with the following compile output:
Change Dir: /home/ubuntu/eculidean-distances/eculidean-distance/CMakeFiles/CMakeTmp

Run Build Command(s):/usr/bin/gmake cmTC_421b5/fast && /usr/bin/gmake -f CMakeFiles/cmTC_421b5.dir/build.make CMakeFiles/cmTC_421b5.dir/build
gmake[1]: Entering directory '/home/ubuntu/eculidean-distances/eculidean-distance/CMakeFiles/CMakeTmp'
Building C object CMakeFiles/cmTC_421b5.dir/src.c.o
/usr/bin/cc   -pthread -Wall -funroll-loops -march=native -maes -mrdseed -DRDSEED_RUN_RESULT -mrdseed   -o CMakeFiles/cmTC_421b5.dir/src.c.o   -c /home/ubuntu/eculidean-distances/eculidean-distance/CMakeFiles/CMakeTmp/src.c
Linking C executable cmTC_421b5
/usr/bin/cmake -E cmake_link_script CMakeFiles/cmTC_421b5.dir/link.txt --verbose=1
/usr/bin/cc  -pthread -Wall -funroll-loops -march=native -maes -mrdseed -DRDSEED_RUN_RESULT -mrdseed    CMakeFiles/cmTC_421b5.dir/src.c.o  -o cmTC_421b5 
gmake[1]: Leaving directory '/home/ubuntu/eculidean-distances/eculidean-distance/CMakeFiles/CMakeTmp'


...and run output:
Illegal instruction
Return value: FAILED_TO_RUN
Source file was:
#include <x86intrin.h>
int main(){
unsigned long long r;
_rdseed64_step(&r);
return 0;
}

Performing C SOURCE FILE Test RDSEED_RUN_RESULT failed with the following compile output:
Change Dir: /home/ubuntu/eculidean-distances/eculidean-distance/CMakeFiles/CMakeTmp

Run Build Command(s):/usr/bin/gmake cmTC_501fd/fast && /usr/bin/gmake -f CMakeFiles/cmTC_501fd.dir/build.make CMakeFiles/cmTC_501fd.dir/build
gmake[1]: Entering directory '/home/ubuntu/eculidean-distances/eculidean-distance/CMakeFiles/CMakeTmp'
Building C object CMakeFiles/cmTC_501fd.dir/src.c.o
/usr/bin/cc   -pthread -Wall -funroll-loops -march=native -maes -mrdseed -DRDSEED_RUN_RESULT -mrdseed   -o CMakeFiles/cmTC_501fd.dir/src.c.o   -c /home/ubuntu/eculidean-distances/eculidean-distance/CMakeFiles/CMakeTmp/src.c
Linking C executable cmTC_501fd
/usr/bin/cmake -E cmake_link_script CMakeFiles/cmTC_501fd.dir/link.txt --verbose=1
/usr/bin/cc  -pthread -Wall -funroll-loops -march=native -maes -mrdseed -DRDSEED_RUN_RESULT -mrdseed    CMakeFiles/cmTC_501fd.dir/src.c.o  -o cmTC_501fd 
gmake[1]: Leaving directory '/home/ubuntu/eculidean-distances/eculidean-distance/CMakeFiles/CMakeTmp'


...and run output:
Illegal instruction
Return value: FAILED_TO_RUN
Source file was:
#include <x86intrin.h>
int main(){
unsigned long long r;
_rdseed64_step(&r);
return 0;
}

Performing C SOURCE FILE Test RDSEED_RUN_RESULT failed with the following compile output:
Change Dir: /home/ubuntu/eculidean-distances/eculidean-distance/CMakeFiles/CMakeTmp

Run Build Command(s):/usr/bin/gmake cmTC_8dd75/fast && /usr/bin/gmake -f CMakeFiles/cmTC_8dd75.dir/build.make CMakeFiles/cmTC_8dd75.dir/build
gmake[1]: Entering directory '/home/ubuntu/eculidean-distances/eculidean-distance/CMakeFiles/CMakeTmp'
Building C object CMakeFiles/cmTC_8dd75.dir/src.c.o
/usr/bin/cc   -pthread -Wall -funroll-loops -march=native -maes -mrdseed -DRDSEED_RUN_RESULT -mrdseed   -o CMakeFiles/cmTC_8dd75.dir/src.c.o   -c /home/ubuntu/eculidean-distances/eculidean-distance/CMakeFiles/CMakeTmp/src.c
Linking C executable cmTC_8dd75
/usr/bin/cmake -E cmake_link_script CMakeFiles/cmTC_8dd75.dir/link.txt --verbose=1
/usr/bin/cc  -pthread -Wall -funroll-loops -march=native -maes -mrdseed -DRDSEED_RUN_RESULT -mrdseed    CMakeFiles/cmTC_8dd75.dir/src.c.o  -o cmTC_8dd75 
gmake[1]: Leaving directory '/home/ubuntu/eculidean-distances/eculidean-distance/CMakeFiles/CMakeTmp'


...and run output:
Illegal instruction
Return value: FAILED_TO_RUN
Source file was:
#include <x86intrin.h>
int main(){
unsigned long long r;
_rdseed64_step(&r);
return 0;
}

